C51 COMPILER V9.54   MAIN                                                                  09/11/2025 15:57:40 PAGE 1   


C51 COMPILER V9.54, COMPILATION OF MODULE MAIN
OBJECT MODULE PLACED IN .\Objects\main.obj
COMPILER INVOKED BY: D:\Keil5\C51\BIN\C51.EXE main.c OPTIMIZE(8,SPEED) BROWSE DEBUG OBJECTEXTEND PRINT(.\Listings\main.l
                    -st) OBJECT(.\Objects\main.obj)

line level    source

   1          #include <REGX52.H>
   2          #include "motor.h"
   3          
   4          unsigned int delay_count = 0;
   5          unsigned int delay = 10;
   6          unsigned char delay_on = 0;
   7          
   8          void Timer0_Init(void)          //1毫秒@11.0592MHz
   9          {
  10   1              TMOD &= 0xF0;                   //设置定时器模式
  11   1              TMOD |= 0x01;                   //定时器模式
  12   1              TL0 = 0x66;                             //设置定时初始值
  13   1              TH0 = 0xFC;                             //设置定时初始值
  14   1              TF0 = 0;                                //清除TF0标志
  15   1              TR0 = 1;                                //定时器0开始计时
  16   1              EA = 1;                                 //使能所有中断
  17   1              ET0 = 1;                                //使能定时器0中断
  18   1              PT0 = 0;                                //优先级低
  19   1      }
  20          
  21          
  22          void main(void){
  23   1              unsigned char choose = 0;
  24   1              unsigned char choose_on = 0;
  25   1              Timer0_Init();
  26   1              Motor_Init();
  27   1              while(1){
  28   2                      if(P3_1==0){
  29   3                              while(P3_1==0);
  30   3                              choose_on = 0;
  31   3                      }else if(P3_0==0){
  32   3                              while(P3_0==0);
  33   3                              choose_on = 1;
  34   3                      }else if(P3_2==0){
  35   3                              while(P3_2==0);
  36   3                              choose_on = 2;
  37   3                      }
  38   2                      if(delay_on){
  39   3                              delay_on = 0;
  40   3                              if(choose_on == 1){
  41   4                                      Motor_Init();
  42   4                                      Motor_Forwarding(choose);
  43   4                              }else if(choose_on == 2){
  44   4                                      Motor_Init();
  45   4                                      Motor_Backing(choose);
  46   4                              }
  47   3                              choose ++;
  48   3                              choose = choose % 8;
  49   3                      }
  50   2              }
  51   1      }
  52          
  53          void setting(void) interrupt 1 using 1{
  54   1              TL0 = 0x66;                             //设置定时初始值
C51 COMPILER V9.54   MAIN                                                                  09/11/2025 15:57:40 PAGE 2   

  55   1              TH0 = 0xFC;                             //设置定时初始值
  56   1              delay_count++;
  57   1              if(delay_count >= delay){
  58   2                      delay_count = 0;
  59   2                      delay_on = 1;
  60   2              }
  61   1      }


MODULE INFORMATION:   STATIC OVERLAYABLE
   CODE SIZE        =    148    ----
   CONSTANT SIZE    =   ----    ----
   XDATA SIZE       =   ----    ----
   PDATA SIZE       =   ----    ----
   DATA SIZE        =      5       2
   IDATA SIZE       =   ----    ----
   BIT SIZE         =   ----    ----
END OF MODULE INFORMATION.


C51 COMPILATION COMPLETE.  0 WARNING(S),  0 ERROR(S)
